<?xml version="1.0" encoding="UTF-8"?>
<testsuite xmlns:xsi="http://www.w3.org/2001/XMLSchema-instance" xsi:noNamespaceSchemaLocation="https://maven.apache.org/surefire/maven-failsafe-plugin/xsd/failsafe-test-report-3.0.xsd" version="3.0" name="As user I want to see detail and rating tensi darah elektrik" time="20.778" tests="1" errors="0" skipped="0" failures="0">
  <properties>
[...]
</properties>
  <testcase name="As user I want to see detail and rating tensi darah elektrik" classname="As user I want to see detail and rating tensi darah elektrik" time="20.778">
    <system-out><![CDATA[
@cobaa
Scenario: As user I want to see detail and rating tensi darah elektrik &amp#27;[90m# src/test/resources/features/DetailandRating.feature:4&amp#27;[0m
23:47:52.556 [pool-2-thread-1] INFO io.cucumber.core.plugin.SerenityReporter - Running feature from file:///C:/Users/Ocky/Documents/Project/WEBUI/src/test/resources/features/DetailandRating.feature
23:47:52.561 [pool-2-thread-1] INFO  - 
  _____   ___   ___   _____     ___   _____     _     ___   _____   ___   ___  
 |_   _| | __| / __| |_   _|   / __| |_   _|   /_\   | _ \ |_   _| | __| |   \ 
   | |   | _|  \__ \   | |     \__ \   | |    / _ \  |   /   | |   | _|  | |) |
   |_|   |___| |___/   |_|     |___/   |_|   /_/ \_\ |_|_\   |_|   |___| |___/ 

As user I want to see detail and rating tensi darah elektrik(as-user-i-want-to-see-detail-and-rating-tensi-darah-elektrik;as-user-i-want-to-see-detail-and-rating-tensi-darah-elektrik)
--------------------------------------------------------------------------------
23:47:52.780 [pool-2-thread-1] DEBUG net.thucydides.core.steps.StepInterceptor - STARTING STEP: DetailSteps.onHomePage - openPage
23:47:52.783 [pool-2-thread-1] INFO net.serenitybdd.core.webdriver.driverproviders.ChromeDriverProvider - Using automatically driver download
23:47:52.806 [pool-2-thread-1] DEBUG io.github.bonigarcia.wdm.cache.ResolutionCache - Resolution chrome=101 in cache (valid until 23:58:46 20/05/2022 ICT)
23:47:52.808 [pool-2-thread-1] DEBUG io.github.bonigarcia.wdm.cache.ResolutionCache - Resolution chrome101=101.0.4951.41 in cache (valid until 20:18:08 21/05/2022 ICT)
23:47:52.808 [pool-2-thread-1] INFO io.github.bonigarcia.wdm.WebDriverManager - Using chromedriver 101.0.4951.41 (resolved driver for Chrome 101)
23:47:52.819 [pool-2-thread-1] DEBUG io.github.bonigarcia.wdm.WebDriverManager - Driver chromedriver 101.0.4951.41 found in cache
23:47:52.820 [pool-2-thread-1] INFO io.github.bonigarcia.wdm.WebDriverManager - Exporting webdriver.chrome.driver as C:\Users\Ocky\.cache\selenium\chromedriver\win32\101.0.4951.41\chromedriver.exe
23:47:53.166 [pool-2-thread-1] INFO net.serenitybdd.core.webdriver.driverproviders.ProvideNewDriver - Instantiating driver
23:47:53.166 [pool-2-thread-1] INFO net.serenitybdd.core.webdriver.driverproviders.ProvideNewDriver - Driver capabilities: Capabilities {acceptInsecureCerts: false, base.url: https://qa.alta.id/, browserName: chrome, chrome.driver: src/test/resources/webdrive..., driver: chrome, goog:chromeOptions: {args: [], extensions: []}, loggingPrefs: org.openqa.selenium.logging...}
23:48:10.788 [pool-2-thread-1] DEBUG net.serenitybdd.core.photography.Darkroom - Opening darkroom
23:48:10.788 [Darkroom Processing Line] DEBUG net.serenitybdd.core.photography.DarkroomProcessingLine - Darkroom processing line starting up
23:48:10.917 [pool-2-thread-1] DEBUG net.serenitybdd.core.photography.Darkroom - Send negative for processing for target\site\serenity\7db55bbce29776eee4812809b23915cae28d4129efbbdeb6ceacb3865f10a5af.png
23:48:10.918 [pool-2-thread-1] DEBUG net.thucydides.core.steps.StepInterceptor - STEP DONE: openPage
23:48:10.927 [pool-2-thread-1] DEBUG net.thucydides.core.steps.StepInterceptor - STARTING STEP: DetailSteps.onHomePage - onHomePage
23:48:11.153 [pool-2-thread-1] DEBUG net.serenitybdd.core.photography.Darkroom - Send negative for processing for target\site\serenity\7db55bbce29776eee4812809b23915cae28d4129efbbdeb6ceacb3865f10a5af.png
23:48:11.153 [pool-2-thread-1] DEBUG net.thucydides.core.steps.StepInterceptor - STEP DONE: onHomePage
  &amp#27;[32mGiven &amp#27;[0m&amp#27;[32mUser on home page&amp#27;[0m                                              &amp#27;[90m# starter.definitions.DetailSteps.onHomePage()&amp#27;[0m
23:48:11.182 [pool-2-thread-1] DEBUG net.thucydides.core.steps.StepInterceptor - STARTING STEP: DetailSteps.clickDetailTensiDarahElektrik - ClickDetailTensiDarahListrik
23:48:12.126 [pool-2-thread-1] DEBUG net.serenitybdd.core.photography.Darkroom - Send negative for processing for target\site\serenity\d90d4d736ec18e9a76d359dd631250ae919825a88a405ea44886d24454b0c2d2.png
23:48:12.126 [pool-2-thread-1] DEBUG net.thucydides.core.steps.StepInterceptor - STEP DONE: ClickDetailTensiDarahListrik
  &amp#27;[32mWhen &amp#27;[0m&amp#27;[32muser click detail tensi darah elektrik&amp#27;[0m                          &amp#27;[90m# starter.definitions.DetailSteps.clickDetailTensiDarahElektrik()&amp#27;[0m
23:48:12.126 [Darkroom Processing Line] DEBUG net.serenitybdd.core.photography.DarkroomProcessingLine - Processing screenshot image in /var/screenshots/screenshot-4248280992705913570
23:48:12.126 [Darkroom Processing Line] DEBUG net.serenitybdd.core.photography.DarkroomProcessingLine - Saving screenshot to target\site\serenity\d90d4d736ec18e9a76d359dd631250ae919825a88a405ea44886d24454b0c2d2.png
  &amp#27;[32mAnd &amp#27;[0m&amp#27;[32muser can see detail and rating of product&amp#27;[0m                        &amp#27;[90m# starter.definitions.DetailSteps.usercanseedetailandratingofproduct()&amp#27;[0m
  &amp#27;[32mThen &amp#27;[0m&amp#27;[32muser see detail and rating of product successfully&amp#27;[0m              &amp#27;[90m# starter.definitions.DetailSteps.userseedetailandratingofproductsuccessfully()&amp#27;[0m
23:48:12.162 [pool-2-thread-1] INFO  - 
  _____   ___   ___   _____     ___     _     ___   ___   ___   ___  
 |_   _| | __| / __| |_   _|   | _ \   /_\   / __| / __| | __| |   \ 
   | |   | _|  \__ \   | |     |  _/  / _ \  \__ \ \__ \ | _|  | |) |
   |_|   |___| |___/   |_|     |_|   /_/ \_\ |___/ |___/ |___| |___/ 

As user I want to see detail and rating tensi darah elektrik
----------------------------------------------------------------------
]]></system-out>
    <system-err><![CDATA[Starting ChromeDriver 101.0.4951.41 (93c720db8323b3ec10d056025ab95c23a31997c9-refs/branch-heads/4951@{#904}) on port 42546
Only local connections are allowed.
Please see https://chromedriver.chromium.org/security-considerations for suggestions on keeping ChromeDriver safe.
ChromeDriver was started successfully.
May 20, 2022 11:47:54 PM org.openqa.selenium.remote.ProtocolHandshake createSession
INFO: Detected dialect: W3C
]]></system-err>
  </testcase>
</testsuite>